<?xml version="1.0" encoding="UTF-8"?>
<!-- Generated by org.testng.reporters.JUnitReportReporter -->
<testsuite skipped="0" hostname="DESKTOP-KO32RFL" name="testngpackage.ReadWriteExcel" tests="1" failures="0" timestamp="12 May 2018 07:33:23 GMT" time="8.164" errors="0">
  <testcase name="ReadData" time="8.164" classname="testngpackage.ReadWriteExcel"/>
</testsuite> <!-- testngpackage.ReadWriteExcel -->
